# JRE version: Java(TM) SE Runtime Environment (8.0_60-b27) (build 1.8.0_60-b27)
# Java VM: Java HotSpot(TM) 64-Bit Server VM (25.60-b23 mixed mode bsd-amd64 compressed oops)
Heap:
 PSYoungGen      total 299008K, used 92097K [0x000000076ab00000, 0x0000000782100000, 0x00000007c0000000)
  eden space 278528K, 25% used [0x000000076ab00000,0x000000076f0f7f20,0x000000077bb00000)
  from space 20480K, 99% used [0x000000077d380000,0x000000077e778810,0x000000077e780000)
  to   space 25088K, 0% used [0x000000077bb00000,0x000000077bb00000,0x000000077d380000)
 ParOldGen       total 200704K, used 34535K [0x00000006c0000000, 0x00000006cc400000, 0x000000076ab00000)
  object space 200704K, 17% used [0x00000006c0000000,0x00000006c21b9d00,0x00000006cc400000)
 Metaspace       used 58091K, capacity 58848K, committed 59096K, reserved 1101824K
  class space    used 7293K, capacity 7519K, committed 7552K, reserved 1048576K
GC Heap History (10 events):
Event: 3.380 GC heap before
{Heap before GC invocations=6 (full 1):
 PSYoungGen      total 141824K, used 10736K [0x000000076ab00000, 0x000000077d300000, 0x00000007c0000000)
  eden space 131072K, 0% used [0x000000076ab00000,0x000000076ab00000,0x0000000772b00000)
  from space 10752K, 99% used [0x0000000772b00000,0x000000077357c010,0x0000000773580000)
  to   space 20480K, 0% used [0x000000077bf00000,0x000000077bf00000,0x000000077d300000)
 ParOldGen       total 175104K, used 18489K [0x00000006c0000000, 0x00000006cab00000, 0x000000076ab00000)
  object space 175104K, 10% used [0x00000006c0000000,0x00000006c120e6c8,0x00000006cab00000)
 Metaspace       used 20686K, capacity 21134K, committed 21296K, reserved 1069056K
  class space    used 2479K, capacity 2631K, committed 2688K, reserved 1048576K
Event: 3.467 GC heap after
Heap after GC invocations=6 (full 1):
 PSYoungGen      total 141824K, used 0K [0x000000076ab00000, 0x000000077d300000, 0x00000007c0000000)
  eden space 131072K, 0% used [0x000000076ab00000,0x000000076ab00000,0x0000000772b00000)
  from space 10752K, 0% used [0x0000000772b00000,0x0000000772b00000,0x0000000773580000)
  to   space 20480K, 0% used [0x000000077bf00000,0x000000077bf00000,0x000000077d300000)
 ParOldGen       total 133120K, used 25377K [0x00000006c0000000, 0x00000006c8200000, 0x000000076ab00000)
  object space 133120K, 19% used [0x00000006c0000000,0x00000006c18c87e8,0x00000006c8200000)
 Metaspace       used 20686K, capacity 21134K, committed 21296K, reserved 1069056K
  class space    used 2479K, capacity 2631K, committed 2688K, reserved 1048576K
}
Event: 4.336 GC heap before
{Heap before GC invocations=7 (full 1):
 PSYoungGen      total 141824K, used 131072K [0x000000076ab00000, 0x000000077d300000, 0x00000007c0000000)
  eden space 131072K, 100% used [0x000000076ab00000,0x0000000772b00000,0x0000000772b00000)
  from space 10752K, 0% used [0x0000000772b00000,0x0000000772b00000,0x0000000773580000)
  to   space 20480K, 0% used [0x000000077bf00000,0x000000077bf00000,0x000000077d300000)
 ParOldGen       total 133120K, used 25377K [0x00000006c0000000, 0x00000006c8200000, 0x000000076ab00000)
  object space 133120K, 19% used [0x00000006c0000000,0x00000006c18c87e8,0x00000006c8200000)
 Metaspace       used 32193K, capacity 32870K, committed 33024K, reserved 1079296K
  class space    used 3874K, capacity 4096K, committed 4096K, reserved 1048576K
Event: 4.348 GC heap after
Heap after GC invocations=7 (full 1):
 PSYoungGen      total 205824K, used 12700K [0x000000076ab00000, 0x000000077cb80000, 0x00000007c0000000)
  eden space 193024K, 0% used [0x000000076ab00000,0x000000076ab00000,0x0000000776780000)
  from space 12800K, 99% used [0x000000077bf00000,0x000000077cb67140,0x000000077cb80000)
  to   space 19968K, 0% used [0x000000077a480000,0x000000077a480000,0x000000077b800000)
 ParOldGen       total 133120K, used 25449K [0x00000006c0000000, 0x00000006c8200000, 0x000000076ab00000)
  object space 133120K, 19% used [0x00000006c0000000,0x00000006c18da7f8,0x00000006c8200000)
 Metaspace       used 32193K, capacity 32870K, committed 33024K, reserved 1079296K
  class space    used 3874K, capacity 4096K, committed 4096K, reserved 1048576K
}
Event: 4.740 GC heap before
{Heap before GC invocations=8 (full 1):
 PSYoungGen      total 205824K, used 62510K [0x000000076ab00000, 0x000000077cb80000, 0x00000007c0000000)
  eden space 193024K, 25% used [0x000000076ab00000,0x000000076dba46d8,0x0000000776780000)
  from space 12800K, 99% used [0x000000077bf00000,0x000000077cb67140,0x000000077cb80000)
  to   space 19968K, 0% used [0x000000077a480000,0x000000077a480000,0x000000077b800000)
 ParOldGen       total 133120K, used 25449K [0x00000006c0000000, 0x00000006c8200000, 0x000000076ab00000)
  object space 133120K, 19% used [0x00000006c0000000,0x00000006c18da7f8,0x00000006c8200000)
 Metaspace       used 34676K, capacity 35332K, committed 35456K, reserved 1081344K
  class space    used 4217K, capacity 4421K, committed 4480K, reserved 1048576K
Event: 4.748 GC heap after
Heap after GC invocations=8 (full 1):
 PSYoungGen      total 275456K, used 8508K [0x000000076ab00000, 0x000000077e780000, 0x00000007c0000000)
  eden space 255488K, 0% used [0x000000076ab00000,0x000000076ab00000,0x000000077a480000)
  from space 19968K, 42% used [0x000000077a480000,0x000000077accf318,0x000000077b800000)
  to   space 20480K, 0% used [0x000000077d380000,0x000000077d380000,0x000000077e780000)
 ParOldGen       total 133120K, used 25457K [0x00000006c0000000, 0x00000006c8200000, 0x000000076ab00000)
  object space 133120K, 19% used [0x00000006c0000000,0x00000006c18dc7f8,0x00000006c8200000)
 Metaspace       used 34676K, capacity 35332K, committed 35456K, reserved 1081344K
  class space    used 4217K, capacity 4421K, committed 4480K, reserved 1048576K
}
Event: 4.748 GC heap before
{Heap before GC invocations=9 (full 2):
 PSYoungGen      total 275456K, used 8508K [0x000000076ab00000, 0x000000077e780000, 0x00000007c0000000)
  eden space 255488K, 0% used [0x000000076ab00000,0x000000076ab00000,0x000000077a480000)
  from space 19968K, 42% used [0x000000077a480000,0x000000077accf318,0x000000077b800000)
  to   space 20480K, 0% used [0x000000077d380000,0x000000077d380000,0x000000077e780000)
 ParOldGen       total 133120K, used 25457K [0x00000006c0000000, 0x00000006c8200000, 0x000000076ab00000)
  object space 133120K, 19% used [0x00000006c0000000,0x00000006c18dc7f8,0x00000006c8200000)
 Metaspace       used 34676K, capacity 35332K, committed 35456K, reserved 1081344K
  class space    used 4217K, capacity 4421K, committed 4480K, reserved 1048576K
Event: 4.824 GC heap after
Heap after GC invocations=9 (full 2):
 PSYoungGen      total 275456K, used 0K [0x000000076ab00000, 0x000000077e780000, 0x00000007c0000000)
  eden space 255488K, 0% used [0x000000076ab00000,0x000000076ab00000,0x000000077a480000)
  from space 19968K, 0% used [0x000000077a480000,0x000000077a480000,0x000000077b800000)
  to   space 20480K, 0% used [0x000000077d380000,0x000000077d380000,0x000000077e780000)
 ParOldGen       total 200704K, used 29476K [0x00000006c0000000, 0x00000006cc400000, 0x000000076ab00000)
  object space 200704K, 14% used [0x00000006c0000000,0x00000006c1cc9188,0x00000006cc400000)
 Metaspace       used 34676K, capacity 35332K, committed 35456K, reserved 1081344K
  class space    used 4217K, capacity 4421K, committed 4480K, reserved 1048576K
}
Event: 10.685 GC heap before
{Heap before GC invocations=10 (full 2):
 PSYoungGen      total 275456K, used 255488K [0x000000076ab00000, 0x000000077e780000, 0x00000007c0000000)
  eden space 255488K, 100% used [0x000000076ab00000,0x000000077a480000,0x000000077a480000)
  from space 19968K, 0% used [0x000000077a480000,0x000000077a480000,0x000000077b800000)
  to   space 20480K, 0% used [0x000000077d380000,0x000000077d380000,0x000000077e780000)
 ParOldGen       total 200704K, used 29476K [0x00000006c0000000, 0x00000006cc400000, 0x000000076ab00000)
  object space 200704K, 14% used [0x00000006c0000000,0x00000006c1cc9188,0x00000006cc400000)
 Metaspace       used 52964K, capacity 53692K, committed 54016K, reserved 1095680K
  class space    used 6596K, capacity 6809K, committed 6912K, reserved 1048576K
Event: 10.708 GC heap after
Heap after GC invocations=10 (full 2):
 PSYoungGen      total 299008K, used 20450K [0x000000076ab00000, 0x0000000782100000, 0x00000007c0000000)
  eden space 278528K, 0% used [0x000000076ab00000,0x000000076ab00000,0x000000077bb00000)
  from space 20480K, 99% used [0x000000077d380000,0x000000077e778810,0x000000077e780000)
  to   space 25088K, 0% used [0x000000077bb00000,0x000000077bb00000,0x000000077d380000)
 ParOldGen       total 200704K, used 34535K [0x00000006c0000000, 0x00000006cc400000, 0x000000076ab00000)
  object space 200704K, 17% used [0x00000006c0000000,0x00000006c21b9d00,0x00000006cc400000)
 Metaspace       used 52964K, capacity 53692K, committed 54016K, reserved 1095680K
  class space    used 6596K, capacity 6809K, committed 6912K, reserved 1048576K
}

